<?xml version="1.0" encoding="UTF-8"?>
<testsuite name="kgr.fibonacci.FibonacciCalculatorTest" tests="6" skipped="0" failures="0" errors="0" timestamp="2019-10-15T19:13:57" hostname="kgr-LIFEBOOK-E754" time="0.003">
  <properties/>
  <testcase name="calculate_0" classname="kgr.fibonacci.FibonacciCalculatorTest" time="0.001"/>
  <testcase name="calculate_1" classname="kgr.fibonacci.FibonacciCalculatorTest" time="0.0"/>
  <testcase name="calculate_2" classname="kgr.fibonacci.FibonacciCalculatorTest" time="0.0"/>
  <testcase name="calculate_3" classname="kgr.fibonacci.FibonacciCalculatorTest" time="0.0"/>
  <testcase name="calculate_4" classname="kgr.fibonacci.FibonacciCalculatorTest" time="0.0"/>
  <testcase name="calculate_fails_wit_invalid_position" classname="kgr.fibonacci.FibonacciCalculatorTest" time="0.0"/>
  <system-out><![CDATA[]]></system-out>
  <system-err><![CDATA[]]></system-err>
</testsuite>
